<?xml version="1.0" encoding="UTF-8"?>
<!-- Generated by org.testng.reporters.JUnitReportReporter -->
<testsuite hostname="Admin" failures="0" tests="1" name="Test_Cases.Forgot_Password" time="49.300" errors="0" timestamp="2024-12-16T11:00:48 IST" skipped="0">
  <testcase classname="Test_Cases.Forgot_Password" name="Forgot" time="49.300"/>
</testsuite> <!-- Test_Cases.Forgot_Password -->
