<?xml version="1.0" encoding="UTF-8"?>
<!-- Generated by org.testng.reporters.JUnitReportReporter -->
<testsuite hostname="Admin" failures="0" tests="1" name="Test_Cases.Login_Test" time="6.170" errors="0" timestamp="2024-12-14T23:32:16 IST" skipped="0">
  <testcase classname="Test_Cases.Login_Test" name="Logintest" time="6.170"/>
</testsuite> <!-- Test_Cases.Login_Test -->
